# JRE version: OpenJDK Runtime Environment (8.0) (build 1.8.0-adoptopenjdk-_2018_05_19_00_59-b00)
# Java VM: OpenJDK 64-Bit Server VM (25.71-b00 mixed mode windows-amd64 compressed oops)
Heap:
 PSYoungGen      total 57344K, used 22853K [0x0000000780000000, 0x0000000784000000, 0x00000007c0000000)
  eden space 49152K, 33% used [0x0000000780000000,0x0000000780fe3f50,0x0000000783000000)
  from space 8192K, 80% used [0x0000000783800000,0x0000000783e6d540,0x0000000784000000)
  to   space 8192K, 0% used [0x0000000783000000,0x0000000783000000,0x0000000783800000)
 ParOldGen       total 131072K, used 214K [0x0000000700000000, 0x0000000708000000, 0x0000000780000000)
  object space 131072K, 0% used [0x0000000700000000,0x00000007000358b8,0x0000000708000000)
 Metaspace       used 17649K, capacity 18058K, committed 18304K, reserved 1064960K
  class space    used 2003K, capacity 2145K, committed 2176K, reserved 1048576K
GC Heap History (4 events):
Event: 4.553 GC heap before
{Heap before GC invocations=1 (full 0):
 PSYoungGen      total 57344K, used 49152K [0x0000000780000000, 0x0000000784000000, 0x00000007c0000000)
  eden space 49152K, 100% used [0x0000000780000000,0x0000000783000000,0x0000000783000000)
  from space 8192K, 0% used [0x0000000783800000,0x0000000783800000,0x0000000784000000)
  to   space 8192K, 0% used [0x0000000783000000,0x0000000783000000,0x0000000783800000)
 ParOldGen       total 131072K, used 0K [0x0000000700000000, 0x0000000708000000, 0x0000000780000000)
  object space 131072K, 0% used [0x0000000700000000,0x0000000700000000,0x0000000708000000)
 Metaspace       used 17005K, capacity 17300K, committed 17536K, reserved 1064960K
  class space    used 1974K, capacity 2088K, committed 2176K, reserved 1048576K
Event: 4.569 GC heap after
Heap after GC invocations=1 (full 0):
 PSYoungGen      total 57344K, used 8160K [0x0000000780000000, 0x0000000784000000, 0x00000007c0000000)
  eden space 49152K, 0% used [0x0000000780000000,0x0000000780000000,0x0000000783000000)
  from space 8192K, 99% used [0x0000000783000000,0x00000007837f8048,0x0000000783800000)
  to   space 8192K, 0% used [0x0000000783800000,0x0000000783800000,0x0000000784000000)
 ParOldGen       total 131072K, used 206K [0x0000000700000000, 0x0000000708000000, 0x0000000780000000)
  object space 131072K, 0% used [0x0000000700000000,0x00000007000338b8,0x0000000708000000)
 Metaspace       used 17005K, capacity 17300K, committed 17536K, reserved 1064960K
  class space    used 1974K, capacity 2088K, committed 2176K, reserved 1048576K
}
Event: 7.907 GC heap before
{Heap before GC invocations=2 (full 0):
 PSYoungGen      total 57344K, used 57312K [0x0000000780000000, 0x0000000784000000, 0x00000007c0000000)
  eden space 49152K, 100% used [0x0000000780000000,0x0000000783000000,0x0000000783000000)
  from space 8192K, 99% used [0x0000000783000000,0x00000007837f8048,0x0000000783800000)
  to   space 8192K, 0% used [0x0000000783800000,0x0000000783800000,0x0000000784000000)
 ParOldGen       total 131072K, used 206K [0x0000000700000000, 0x0000000708000000, 0x0000000780000000)
  object space 131072K, 0% used [0x0000000700000000,0x00000007000338b8,0x0000000708000000)
 Metaspace       used 17633K, capacity 18058K, committed 18304K, reserved 1064960K
  class space    used 2003K, capacity 2145K, committed 2176K, reserved 1048576K
Event: 7.918 GC heap after
Heap after GC invocations=2 (full 0):
 PSYoungGen      total 57344K, used 6581K [0x0000000780000000, 0x0000000784000000, 0x00000007c0000000)
  eden space 49152K, 0% used [0x0000000780000000,0x0000000780000000,0x0000000783000000)
  from space 8192K, 80% used [0x0000000783800000,0x0000000783e6d540,0x0000000784000000)
  to   space 8192K, 0% used [0x0000000783000000,0x0000000783000000,0x0000000783800000)
 ParOldGen       total 131072K, used 214K [0x0000000700000000, 0x0000000708000000, 0x0000000780000000)
  object space 131072K, 0% used [0x0000000700000000,0x00000007000358b8,0x0000000708000000)
 Metaspace       used 17633K, capacity 18058K, committed 18304K, reserved 1064960K
  class space    used 2003K, capacity 2145K, committed 2176K, reserved 1048576K
}

