# JRE version: Java(TM) SE Runtime Environment (8.0_241-b07) (build 1.8.0_241-b07)
# Java VM: Java HotSpot(TM) 64-Bit Server VM (25.241-b07 mixed mode windows-amd64 compressed oops)
Heap:
 PSYoungGen      total 57344K, used 20851K [0x0000000780000000, 0x0000000784000000, 0x00000007c0000000)
  eden space 49152K, 26% used [0x0000000780000000,0x0000000780c89a50,0x0000000783000000)
  from space 8192K, 97% used [0x0000000783800000,0x0000000783fd3538,0x0000000784000000)
  to   space 8192K, 0% used [0x0000000783000000,0x0000000783000000,0x0000000783800000)
 ParOldGen       total 131072K, used 40K [0x0000000700000000, 0x0000000708000000, 0x0000000780000000)
  object space 131072K, 0% used [0x0000000700000000,0x000000070000a000,0x0000000708000000)
 Metaspace       used 18028K, capacity 18444K, committed 18688K, reserved 1064960K
  class space    used 2088K, capacity 2212K, committed 2304K, reserved 1048576K
GC Heap History (4 events):
Event: 1.852 GC heap before
{Heap before GC invocations=1 (full 0):
 PSYoungGen      total 57344K, used 49152K [0x0000000780000000, 0x0000000784000000, 0x00000007c0000000)
  eden space 49152K, 100% used [0x0000000780000000,0x0000000783000000,0x0000000783000000)
  from space 8192K, 0% used [0x0000000783800000,0x0000000783800000,0x0000000784000000)
  to   space 8192K, 0% used [0x0000000783000000,0x0000000783000000,0x0000000783800000)
 ParOldGen       total 131072K, used 0K [0x0000000700000000, 0x0000000708000000, 0x0000000780000000)
  object space 131072K, 0% used [0x0000000700000000,0x0000000700000000,0x0000000708000000)
 Metaspace       used 13463K, capacity 13774K, committed 13824K, reserved 1060864K
  class space    used 1636K, capacity 1752K, committed 1792K, reserved 1048576K
Event: 1.862 GC heap after
Heap after GC invocations=1 (full 0):
 PSYoungGen      total 57344K, used 5642K [0x0000000780000000, 0x0000000784000000, 0x00000007c0000000)
  eden space 49152K, 0% used [0x0000000780000000,0x0000000780000000,0x0000000783000000)
  from space 8192K, 68% used [0x0000000783000000,0x0000000783582ad8,0x0000000783800000)
  to   space 8192K, 0% used [0x0000000783800000,0x0000000783800000,0x0000000784000000)
 ParOldGen       total 131072K, used 24K [0x0000000700000000, 0x0000000708000000, 0x0000000780000000)
  object space 131072K, 0% used [0x0000000700000000,0x0000000700006000,0x0000000708000000)
 Metaspace       used 13463K, capacity 13774K, committed 13824K, reserved 1060864K
  class space    used 1636K, capacity 1752K, committed 1792K, reserved 1048576K
}
Event: 5.508 GC heap before
{Heap before GC invocations=2 (full 0):
 PSYoungGen      total 57344K, used 54794K [0x0000000780000000, 0x0000000784000000, 0x00000007c0000000)
  eden space 49152K, 100% used [0x0000000780000000,0x0000000783000000,0x0000000783000000)
  from space 8192K, 68% used [0x0000000783000000,0x0000000783582ad8,0x0000000783800000)
  to   space 8192K, 0% used [0x0000000783800000,0x0000000783800000,0x0000000784000000)
 ParOldGen       total 131072K, used 24K [0x0000000700000000, 0x0000000708000000, 0x0000000780000000)
  object space 131072K, 0% used [0x0000000700000000,0x0000000700006000,0x0000000708000000)
 Metaspace       used 18013K, capacity 18374K, committed 18688K, reserved 1064960K
  class space    used 2088K, capacity 2211K, committed 2304K, reserved 1048576K
Event: 5.522 GC heap after
Heap after GC invocations=2 (full 0):
 PSYoungGen      total 57344K, used 8013K [0x0000000780000000, 0x0000000784000000, 0x00000007c0000000)
  eden space 49152K, 0% used [0x0000000780000000,0x0000000780000000,0x0000000783000000)
  from space 8192K, 97% used [0x0000000783800000,0x0000000783fd3538,0x0000000784000000)
  to   space 8192K, 0% used [0x0000000783000000,0x0000000783000000,0x0000000783800000)
 ParOldGen       total 131072K, used 40K [0x0000000700000000, 0x0000000708000000, 0x0000000780000000)
  object space 131072K, 0% used [0x0000000700000000,0x000000070000a000,0x0000000708000000)
 Metaspace       used 18013K, capacity 18374K, committed 18688K, reserved 1064960K
  class space    used 2088K, capacity 2211K, committed 2304K, reserved 1048576K
}

